The target system is: Generic -  - 
The host system is: Linux - 4.15.0-20-generic - x86_64
Compiling the CXX compiler identification source file "CMakeCXXCompilerId.cpp" succeeded.
Compiler: /usr/bin/arm-none-eabi-g++ 
Build flags: 
Id flags: -c 

The output was:
0


Compilation of the CXX compiler identification source "CMakeCXXCompilerId.cpp" produced "CMakeCXXCompilerId.o"

The CXX compiler identification is GNU, found in "/home/laurens/Documents/R2D2/Build-environment/modules/BLUETOOTH/build/CMakeFiles/3.10.2/CompilerIdCXX/CMakeCXXCompilerId.o"

Detecting CXX compiler ABI info compiled with the following output:
Change Dir: /home/laurens/Documents/R2D2/Build-environment/modules/BLUETOOTH/build/CMakeFiles/CMakeTmp

Run Build Command:"/usr/bin/make" "cmTC_a6955/fast"
/usr/bin/make -f CMakeFiles/cmTC_a6955.dir/build.make CMakeFiles/cmTC_a6955.dir/build
make[1]: Entering directory '/home/laurens/Documents/R2D2/Build-environment/modules/BLUETOOTH/build/CMakeFiles/CMakeTmp'
Building CXX object CMakeFiles/cmTC_a6955.dir/CMakeCXXCompilerABI.cpp.obj
/usr/bin/arm-none-eabi-g++     -o CMakeFiles/cmTC_a6955.dir/CMakeCXXCompilerABI.cpp.obj -c /usr/share/cmake-3.10/Modules/CMakeCXXCompilerABI.cpp
Linking CXX static library libcmTC_a6955.a
/usr/bin/cmake -P CMakeFiles/cmTC_a6955.dir/cmake_clean_target.cmake
/usr/bin/cmake -E cmake_link_script CMakeFiles/cmTC_a6955.dir/link.txt --verbose=1
/usr/bin/arm-none-eabi-ar qc libcmTC_a6955.a  CMakeFiles/cmTC_a6955.dir/CMakeCXXCompilerABI.cpp.obj
/usr/bin/arm-none-eabi-ranlib libcmTC_a6955.a
make[1]: Leaving directory '/home/laurens/Documents/R2D2/Build-environment/modules/BLUETOOTH/build/CMakeFiles/CMakeTmp'


Parsed CXX implicit link information from above output:
  link line regex: [^( *|.*[/\])(arm-none-eabi-ld|CMAKE_LINK_STARTFILE-NOTFOUND|([^/\]+-)?ld|collect2)[^/\]*( |$)]
  ignore line: [Change Dir: /home/laurens/Documents/R2D2/Build-environment/modules/BLUETOOTH/build/CMakeFiles/CMakeTmp]
  ignore line: []
  ignore line: [Run Build Command:"/usr/bin/make" "cmTC_a6955/fast"]
  ignore line: [/usr/bin/make -f CMakeFiles/cmTC_a6955.dir/build.make CMakeFiles/cmTC_a6955.dir/build]
  ignore line: [make[1]: Entering directory '/home/laurens/Documents/R2D2/Build-environment/modules/BLUETOOTH/build/CMakeFiles/CMakeTmp']
  ignore line: [Building CXX object CMakeFiles/cmTC_a6955.dir/CMakeCXXCompilerABI.cpp.obj]
  ignore line: [/usr/bin/arm-none-eabi-g++     -o CMakeFiles/cmTC_a6955.dir/CMakeCXXCompilerABI.cpp.obj -c /usr/share/cmake-3.10/Modules/CMakeCXXCompilerABI.cpp]
  ignore line: [Linking CXX static library libcmTC_a6955.a]
  ignore line: [/usr/bin/cmake -P CMakeFiles/cmTC_a6955.dir/cmake_clean_target.cmake]
  ignore line: [/usr/bin/cmake -E cmake_link_script CMakeFiles/cmTC_a6955.dir/link.txt --verbose=1]
  ignore line: [/usr/bin/arm-none-eabi-ar qc libcmTC_a6955.a  CMakeFiles/cmTC_a6955.dir/CMakeCXXCompilerABI.cpp.obj]
  ignore line: [/usr/bin/arm-none-eabi-ranlib libcmTC_a6955.a]
  ignore line: [make[1]: Leaving directory '/home/laurens/Documents/R2D2/Build-environment/modules/BLUETOOTH/build/CMakeFiles/CMakeTmp']
  ignore line: []
  implicit libs: []
  implicit dirs: []
  implicit fwks: []




Detecting CXX [-std=c++1z] compiler features compiled with the following output:
Change Dir: /home/laurens/Documents/R2D2/Build-environment/modules/BLUETOOTH/build/CMakeFiles/CMakeTmp

Run Build Command:"/usr/bin/make" "cmTC_e0915/fast"
/usr/bin/make -f CMakeFiles/cmTC_e0915.dir/build.make CMakeFiles/cmTC_e0915.dir/build
make[1]: Entering directory '/home/laurens/Documents/R2D2/Build-environment/modules/BLUETOOTH/build/CMakeFiles/CMakeTmp'
Building CXX object CMakeFiles/cmTC_e0915.dir/feature_tests.cxx.obj
/usr/bin/arm-none-eabi-g++    -std=c++1z -o CMakeFiles/cmTC_e0915.dir/feature_tests.cxx.obj -c /home/laurens/Documents/R2D2/Build-environment/modules/BLUETOOTH/build/CMakeFiles/feature_tests.cxx
Linking CXX static library libcmTC_e0915.a
/usr/bin/cmake -P CMakeFiles/cmTC_e0915.dir/cmake_clean_target.cmake
/usr/bin/cmake -E cmake_link_script CMakeFiles/cmTC_e0915.dir/link.txt --verbose=1
/usr/bin/arm-none-eabi-ar qc libcmTC_e0915.a  CMakeFiles/cmTC_e0915.dir/feature_tests.cxx.obj
/usr/bin/arm-none-eabi-ranlib libcmTC_e0915.a
make[1]: Leaving directory '/home/laurens/Documents/R2D2/Build-environment/modules/BLUETOOTH/build/CMakeFiles/CMakeTmp'


    Feature record: CXX_FEATURE:1cxx_aggregate_default_initializers
    Feature record: CXX_FEATURE:1cxx_alias_templates
    Feature record: CXX_FEATURE:1cxx_alignas
    Feature record: CXX_FEATURE:1cxx_alignof
    Feature record: CXX_FEATURE:1cxx_attributes
    Feature record: CXX_FEATURE:1cxx_attribute_deprecated
    Feature record: CXX_FEATURE:1cxx_auto_type
    Feature record: CXX_FEATURE:1cxx_binary_literals
    Feature record: CXX_FEATURE:1cxx_constexpr
    Feature record: CXX_FEATURE:1cxx_contextual_conversions
    Feature record: CXX_FEATURE:1cxx_decltype
    Feature record: CXX_FEATURE:1cxx_decltype_auto
    Feature record: CXX_FEATURE:1cxx_decltype_incomplete_return_types
    Feature record: CXX_FEATURE:1cxx_default_function_template_args
    Feature record: CXX_FEATURE:1cxx_defaulted_functions
    Feature record: CXX_FEATURE:1cxx_defaulted_move_initializers
    Feature record: CXX_FEATURE:1cxx_delegating_constructors
    Feature record: CXX_FEATURE:1cxx_deleted_functions
    Feature record: CXX_FEATURE:1cxx_digit_separators
    Feature record: CXX_FEATURE:1cxx_enum_forward_declarations
    Feature record: CXX_FEATURE:1cxx_explicit_conversions
    Feature record: CXX_FEATURE:1cxx_extended_friend_declarations
    Feature record: CXX_FEATURE:1cxx_extern_templates
    Feature record: CXX_FEATURE:1cxx_final
    Feature record: CXX_FEATURE:1cxx_func_identifier
    Feature record: CXX_FEATURE:1cxx_generalized_initializers
    Feature record: CXX_FEATURE:1cxx_generic_lambdas
    Feature record: CXX_FEATURE:1cxx_inheriting_constructors
    Feature record: CXX_FEATURE:1cxx_inline_namespaces
    Feature record: CXX_FEATURE:1cxx_lambdas
    Feature record: CXX_FEATURE:1cxx_lambda_init_captures
    Feature record: CXX_FEATURE:1cxx_local_type_template_args
    Feature record: CXX_FEATURE:1cxx_long_long_type
    Feature record: CXX_FEATURE:1cxx_noexcept
    Feature record: CXX_FEATURE:1cxx_nonstatic_member_init
    Feature record: CXX_FEATURE:1cxx_nullptr
    Feature record: CXX_FEATURE:1cxx_override
    Feature record: CXX_FEATURE:1cxx_range_for
    Feature record: CXX_FEATURE:1cxx_raw_string_literals
    Feature record: CXX_FEATURE:1cxx_reference_qualified_functions
    Feature record: CXX_FEATURE:1cxx_relaxed_constexpr
    Feature record: CXX_FEATURE:1cxx_return_type_deduction
    Feature record: CXX_FEATURE:1cxx_right_angle_brackets
    Feature record: CXX_FEATURE:1cxx_rvalue_references
    Feature record: CXX_FEATURE:1cxx_sizeof_member
    Feature record: CXX_FEATURE:1cxx_static_assert
    Feature record: CXX_FEATURE:1cxx_strong_enums
    Feature record: CXX_FEATURE:1cxx_template_template_parameters
    Feature record: CXX_FEATURE:1cxx_thread_local
    Feature record: CXX_FEATURE:1cxx_trailing_return_types
    Feature record: CXX_FEATURE:1cxx_unicode_literals
    Feature record: CXX_FEATURE:1cxx_uniform_initialization
    Feature record: CXX_FEATURE:1cxx_unrestricted_unions
    Feature record: CXX_FEATURE:1cxx_user_literals
    Feature record: CXX_FEATURE:1cxx_variable_templates
    Feature record: CXX_FEATURE:1cxx_variadic_macros
    Feature record: CXX_FEATURE:1cxx_variadic_templates


Detecting CXX [-std=c++14] compiler features compiled with the following output:
Change Dir: /home/laurens/Documents/R2D2/Build-environment/modules/BLUETOOTH/build/CMakeFiles/CMakeTmp

Run Build Command:"/usr/bin/make" "cmTC_f406b/fast"
/usr/bin/make -f CMakeFiles/cmTC_f406b.dir/build.make CMakeFiles/cmTC_f406b.dir/build
make[1]: Entering directory '/home/laurens/Documents/R2D2/Build-environment/modules/BLUETOOTH/build/CMakeFiles/CMakeTmp'
Building CXX object CMakeFiles/cmTC_f406b.dir/feature_tests.cxx.obj
/usr/bin/arm-none-eabi-g++    -std=c++14 -o CMakeFiles/cmTC_f406b.dir/feature_tests.cxx.obj -c /home/laurens/Documents/R2D2/Build-environment/modules/BLUETOOTH/build/CMakeFiles/feature_tests.cxx
Linking CXX static library libcmTC_f406b.a
/usr/bin/cmake -P CMakeFiles/cmTC_f406b.dir/cmake_clean_target.cmake
/usr/bin/cmake -E cmake_link_script CMakeFiles/cmTC_f406b.dir/link.txt --verbose=1
/usr/bin/arm-none-eabi-ar qc libcmTC_f406b.a  CMakeFiles/cmTC_f406b.dir/feature_tests.cxx.obj
/usr/bin/arm-none-eabi-ranlib libcmTC_f406b.a
make[1]: Leaving directory '/home/laurens/Documents/R2D2/Build-environment/modules/BLUETOOTH/build/CMakeFiles/CMakeTmp'


    Feature record: CXX_FEATURE:1cxx_aggregate_default_initializers
    Feature record: CXX_FEATURE:1cxx_alias_templates
    Feature record: CXX_FEATURE:1cxx_alignas
    Feature record: CXX_FEATURE:1cxx_alignof
    Feature record: CXX_FEATURE:1cxx_attributes
    Feature record: CXX_FEATURE:1cxx_attribute_deprecated
    Feature record: CXX_FEATURE:1cxx_auto_type
    Feature record: CXX_FEATURE:1cxx_binary_literals
    Feature record: CXX_FEATURE:1cxx_constexpr
    Feature record: CXX_FEATURE:1cxx_contextual_conversions
    Feature record: CXX_FEATURE:1cxx_decltype
    Feature record: CXX_FEATURE:1cxx_decltype_auto
    Feature record: CXX_FEATURE:1cxx_decltype_incomplete_return_types
    Feature record: CXX_FEATURE:1cxx_default_function_template_args
    Feature record: CXX_FEATURE:1cxx_defaulted_functions
    Feature record: CXX_FEATURE:1cxx_defaulted_move_initializers
    Feature record: CXX_FEATURE:1cxx_delegating_constructors
    Feature record: CXX_FEATURE:1cxx_deleted_functions
    Feature record: CXX_FEATURE:1cxx_digit_separators
    Feature record: CXX_FEATURE:1cxx_enum_forward_declarations
    Feature record: CXX_FEATURE:1cxx_explicit_conversions
    Feature record: CXX_FEATURE:1cxx_extended_friend_declarations
    Feature record: CXX_FEATURE:1cxx_extern_templates
    Feature record: CXX_FEATURE:1cxx_final
    Feature record: CXX_FEATURE:1cxx_func_identifier
    Feature record: CXX_FEATURE:1cxx_generalized_initializers
    Feature record: CXX_FEATURE:1cxx_generic_lambdas
    Feature record: CXX_FEATURE:1cxx_inheriting_constructors
    Feature record: CXX_FEATURE:1cxx_inline_namespaces
    Feature record: CXX_FEATURE:1cxx_lambdas
    Feature record: CXX_FEATURE:1cxx_lambda_init_captures
    Feature record: CXX_FEATURE:1cxx_local_type_template_args
    Feature record: CXX_FEATURE:1cxx_long_long_type
    Feature record: CXX_FEATURE:1cxx_noexcept
    Feature record: CXX_FEATURE:1cxx_nonstatic_member_init
    Feature record: CXX_FEATURE:1cxx_nullptr
    Feature record: CXX_FEATURE:1cxx_override
    Feature record: CXX_FEATURE:1cxx_range_for
    Feature record: CXX_FEATURE:1cxx_raw_string_literals
    Feature record: CXX_FEATURE:1cxx_reference_qualified_functions
    Feature record: CXX_FEATURE:1cxx_relaxed_constexpr
    Feature record: CXX_FEATURE:1cxx_return_type_deduction
    Feature record: CXX_FEATURE:1cxx_right_angle_brackets
    Feature record: CXX_FEATURE:1cxx_rvalue_references
    Feature record: CXX_FEATURE:1cxx_sizeof_member
    Feature record: CXX_FEATURE:1cxx_static_assert
    Feature record: CXX_FEATURE:1cxx_strong_enums
    Feature record: CXX_FEATURE:1cxx_template_template_parameters
    Feature record: CXX_FEATURE:1cxx_thread_local
    Feature record: CXX_FEATURE:1cxx_trailing_return_types
    Feature record: CXX_FEATURE:1cxx_unicode_literals
    Feature record: CXX_FEATURE:1cxx_uniform_initialization
    Feature record: CXX_FEATURE:1cxx_unrestricted_unions
    Feature record: CXX_FEATURE:1cxx_user_literals
    Feature record: CXX_FEATURE:1cxx_variable_templates
    Feature record: CXX_FEATURE:1cxx_variadic_macros
    Feature record: CXX_FEATURE:1cxx_variadic_templates


Detecting CXX [-std=c++11] compiler features compiled with the following output:
Change Dir: /home/laurens/Documents/R2D2/Build-environment/modules/BLUETOOTH/build/CMakeFiles/CMakeTmp

Run Build Command:"/usr/bin/make" "cmTC_a7ac5/fast"
/usr/bin/make -f CMakeFiles/cmTC_a7ac5.dir/build.make CMakeFiles/cmTC_a7ac5.dir/build
make[1]: Entering directory '/home/laurens/Documents/R2D2/Build-environment/modules/BLUETOOTH/build/CMakeFiles/CMakeTmp'
Building CXX object CMakeFiles/cmTC_a7ac5.dir/feature_tests.cxx.obj
/usr/bin/arm-none-eabi-g++    -std=c++11 -o CMakeFiles/cmTC_a7ac5.dir/feature_tests.cxx.obj -c /home/laurens/Documents/R2D2/Build-environment/modules/BLUETOOTH/build/CMakeFiles/feature_tests.cxx
Linking CXX static library libcmTC_a7ac5.a
/usr/bin/cmake -P CMakeFiles/cmTC_a7ac5.dir/cmake_clean_target.cmake
/usr/bin/cmake -E cmake_link_script CMakeFiles/cmTC_a7ac5.dir/link.txt --verbose=1
/usr/bin/arm-none-eabi-ar qc libcmTC_a7ac5.a  CMakeFiles/cmTC_a7ac5.dir/feature_tests.cxx.obj
/usr/bin/arm-none-eabi-ranlib libcmTC_a7ac5.a
make[1]: Leaving directory '/home/laurens/Documents/R2D2/Build-environment/modules/BLUETOOTH/build/CMakeFiles/CMakeTmp'


    Feature record: CXX_FEATURE:0cxx_aggregate_default_initializers
    Feature record: CXX_FEATURE:1cxx_alias_templates
    Feature record: CXX_FEATURE:1cxx_alignas
    Feature record: CXX_FEATURE:1cxx_alignof
    Feature record: CXX_FEATURE:1cxx_attributes
    Feature record: CXX_FEATURE:0cxx_attribute_deprecated
    Feature record: CXX_FEATURE:1cxx_auto_type
    Feature record: CXX_FEATURE:0cxx_binary_literals
    Feature record: CXX_FEATURE:1cxx_constexpr
    Feature record: CXX_FEATURE:0cxx_contextual_conversions
    Feature record: CXX_FEATURE:1cxx_decltype
    Feature record: CXX_FEATURE:0cxx_decltype_auto
    Feature record: CXX_FEATURE:1cxx_decltype_incomplete_return_types
    Feature record: CXX_FEATURE:1cxx_default_function_template_args
    Feature record: CXX_FEATURE:1cxx_defaulted_functions
    Feature record: CXX_FEATURE:1cxx_defaulted_move_initializers
    Feature record: CXX_FEATURE:1cxx_delegating_constructors
    Feature record: CXX_FEATURE:1cxx_deleted_functions
    Feature record: CXX_FEATURE:0cxx_digit_separators
    Feature record: CXX_FEATURE:1cxx_enum_forward_declarations
    Feature record: CXX_FEATURE:1cxx_explicit_conversions
    Feature record: CXX_FEATURE:1cxx_extended_friend_declarations
    Feature record: CXX_FEATURE:1cxx_extern_templates
    Feature record: CXX_FEATURE:1cxx_final
    Feature record: CXX_FEATURE:1cxx_func_identifier
    Feature record: CXX_FEATURE:1cxx_generalized_initializers
    Feature record: CXX_FEATURE:0cxx_generic_lambdas
    Feature record: CXX_FEATURE:1cxx_inheriting_constructors
    Feature record: CXX_FEATURE:1cxx_inline_namespaces
    Feature record: CXX_FEATURE:1cxx_lambdas
    Feature record: CXX_FEATURE:0cxx_lambda_init_captures
    Feature record: CXX_FEATURE:1cxx_local_type_template_args
    Feature record: CXX_FEATURE:1cxx_long_long_type
    Feature record: CXX_FEATURE:1cxx_noexcept
    Feature record: CXX_FEATURE:1cxx_nonstatic_member_init
    Feature record: CXX_FEATURE:1cxx_nullptr
    Feature record: CXX_FEATURE:1cxx_override
    Feature record: CXX_FEATURE:1cxx_range_for
    Feature record: CXX_FEATURE:1cxx_raw_string_literals
    Feature record: CXX_FEATURE:1cxx_reference_qualified_functions
    Feature record: CXX_FEATURE:0cxx_relaxed_constexpr
    Feature record: CXX_FEATURE:0cxx_return_type_deduction
    Feature record: CXX_FEATURE:1cxx_right_angle_brackets
    Feature record: CXX_FEATURE:1cxx_rvalue_references
    Feature record: CXX_FEATURE:1cxx_sizeof_member
    Feature record: CXX_FEATURE:1cxx_static_assert
    Feature record: CXX_FEATURE:1cxx_strong_enums
    Feature record: CXX_FEATURE:1cxx_template_template_parameters
    Feature record: CXX_FEATURE:1cxx_thread_local
    Feature record: CXX_FEATURE:1cxx_trailing_return_types
    Feature record: CXX_FEATURE:1cxx_unicode_literals
    Feature record: CXX_FEATURE:1cxx_uniform_initialization
    Feature record: CXX_FEATURE:1cxx_unrestricted_unions
    Feature record: CXX_FEATURE:1cxx_user_literals
    Feature record: CXX_FEATURE:0cxx_variable_templates
    Feature record: CXX_FEATURE:1cxx_variadic_macros
    Feature record: CXX_FEATURE:1cxx_variadic_templates


Detecting CXX [-std=c++98] compiler features compiled with the following output:
Change Dir: /home/laurens/Documents/R2D2/Build-environment/modules/BLUETOOTH/build/CMakeFiles/CMakeTmp

Run Build Command:"/usr/bin/make" "cmTC_38ebe/fast"
/usr/bin/make -f CMakeFiles/cmTC_38ebe.dir/build.make CMakeFiles/cmTC_38ebe.dir/build
make[1]: Entering directory '/home/laurens/Documents/R2D2/Build-environment/modules/BLUETOOTH/build/CMakeFiles/CMakeTmp'
Building CXX object CMakeFiles/cmTC_38ebe.dir/feature_tests.cxx.obj
/usr/bin/arm-none-eabi-g++    -std=c++98 -o CMakeFiles/cmTC_38ebe.dir/feature_tests.cxx.obj -c /home/laurens/Documents/R2D2/Build-environment/modules/BLUETOOTH/build/CMakeFiles/feature_tests.cxx
Linking CXX static library libcmTC_38ebe.a
/usr/bin/cmake -P CMakeFiles/cmTC_38ebe.dir/cmake_clean_target.cmake
/usr/bin/cmake -E cmake_link_script CMakeFiles/cmTC_38ebe.dir/link.txt --verbose=1
/usr/bin/arm-none-eabi-ar qc libcmTC_38ebe.a  CMakeFiles/cmTC_38ebe.dir/feature_tests.cxx.obj
/usr/bin/arm-none-eabi-ranlib libcmTC_38ebe.a
make[1]: Leaving directory '/home/laurens/Documents/R2D2/Build-environment/modules/BLUETOOTH/build/CMakeFiles/CMakeTmp'


    Feature record: CXX_FEATURE:0cxx_aggregate_default_initializers
    Feature record: CXX_FEATURE:0cxx_alias_templates
    Feature record: CXX_FEATURE:0cxx_alignas
    Feature record: CXX_FEATURE:0cxx_alignof
    Feature record: CXX_FEATURE:0cxx_attributes
    Feature record: CXX_FEATURE:0cxx_attribute_deprecated
    Feature record: CXX_FEATURE:0cxx_auto_type
    Feature record: CXX_FEATURE:0cxx_binary_literals
    Feature record: CXX_FEATURE:0cxx_constexpr
    Feature record: CXX_FEATURE:0cxx_contextual_conversions
    Feature record: CXX_FEATURE:0cxx_decltype
    Feature record: CXX_FEATURE:0cxx_decltype_auto
    Feature record: CXX_FEATURE:0cxx_decltype_incomplete_return_types
    Feature record: CXX_FEATURE:0cxx_default_function_template_args
    Feature record: CXX_FEATURE:0cxx_defaulted_functions
    Feature record: CXX_FEATURE:0cxx_defaulted_move_initializers
    Feature record: CXX_FEATURE:0cxx_delegating_constructors
    Feature record: CXX_FEATURE:0cxx_deleted_functions
    Feature record: CXX_FEATURE:0cxx_digit_separators
    Feature record: CXX_FEATURE:0cxx_enum_forward_declarations
    Feature record: CXX_FEATURE:0cxx_explicit_conversions
    Feature record: CXX_FEATURE:0cxx_extended_friend_declarations
    Feature record: CXX_FEATURE:0cxx_extern_templates
    Feature record: CXX_FEATURE:0cxx_final
    Feature record: CXX_FEATURE:0cxx_func_identifier
    Feature record: CXX_FEATURE:0cxx_generalized_initializers
    Feature record: CXX_FEATURE:0cxx_generic_lambdas
    Feature record: CXX_FEATURE:0cxx_inheriting_constructors
    Feature record: CXX_FEATURE:0cxx_inline_namespaces
    Feature record: CXX_FEATURE:0cxx_lambdas
    Feature record: CXX_FEATURE:0cxx_lambda_init_captures
    Feature record: CXX_FEATURE:0cxx_local_type_template_args
    Feature record: CXX_FEATURE:0cxx_long_long_type
    Feature record: CXX_FEATURE:0cxx_noexcept
    Feature record: CXX_FEATURE:0cxx_nonstatic_member_init
    Feature record: CXX_FEATURE:0cxx_nullptr
    Feature record: CXX_FEATURE:0cxx_override
    Feature record: CXX_FEATURE:0cxx_range_for
    Feature record: CXX_FEATURE:0cxx_raw_string_literals
    Feature record: CXX_FEATURE:0cxx_reference_qualified_functions
    Feature record: CXX_FEATURE:0cxx_relaxed_constexpr
    Feature record: CXX_FEATURE:0cxx_return_type_deduction
    Feature record: CXX_FEATURE:0cxx_right_angle_brackets
    Feature record: CXX_FEATURE:0cxx_rvalue_references
    Feature record: CXX_FEATURE:0cxx_sizeof_member
    Feature record: CXX_FEATURE:0cxx_static_assert
    Feature record: CXX_FEATURE:0cxx_strong_enums
    Feature record: CXX_FEATURE:1cxx_template_template_parameters
    Feature record: CXX_FEATURE:0cxx_thread_local
    Feature record: CXX_FEATURE:0cxx_trailing_return_types
    Feature record: CXX_FEATURE:0cxx_unicode_literals
    Feature record: CXX_FEATURE:0cxx_uniform_initialization
    Feature record: CXX_FEATURE:0cxx_unrestricted_unions
    Feature record: CXX_FEATURE:0cxx_user_literals
    Feature record: CXX_FEATURE:0cxx_variable_templates
    Feature record: CXX_FEATURE:0cxx_variadic_macros
    Feature record: CXX_FEATURE:0cxx_variadic_templates
Checking whether the ASM compiler is GNU using "--version" matched "(GNU assembler)|(GCC)|(Free Software Foundation)":
arm-none-eabi-gcc (15:6.3.1+svn253039-1build1) 6.3.1 20170620
Copyright (C) 2016 Free Software Foundation, Inc.
This is free software; see the source for copying conditions.  There is NO
warranty; not even for MERCHANTABILITY or FITNESS FOR A PARTICULAR PURPOSE.

Compiling the C compiler identification source file "CMakeCCompilerId.c" succeeded.
Compiler: /usr/bin/arm-none-eabi-gcc 
Build flags: 
Id flags: -c 

The output was:
0


Compilation of the C compiler identification source "CMakeCCompilerId.c" produced "CMakeCCompilerId.o"

The C compiler identification is GNU, found in "/home/laurens/Documents/R2D2/Build-environment/modules/BLUETOOTH/build/CMakeFiles/3.10.2/CompilerIdC/CMakeCCompilerId.o"

Detecting C compiler ABI info compiled with the following output:
Change Dir: /home/laurens/Documents/R2D2/Build-environment/modules/BLUETOOTH/build/CMakeFiles/CMakeTmp

Run Build Command:"/usr/bin/make" "cmTC_76e6c/fast"
/usr/bin/make -f CMakeFiles/cmTC_76e6c.dir/build.make CMakeFiles/cmTC_76e6c.dir/build
make[1]: Entering directory '/home/laurens/Documents/R2D2/Build-environment/modules/BLUETOOTH/build/CMakeFiles/CMakeTmp'
Building C object CMakeFiles/cmTC_76e6c.dir/CMakeCCompilerABI.c.obj
/usr/bin/arm-none-eabi-gcc    -o CMakeFiles/cmTC_76e6c.dir/CMakeCCompilerABI.c.obj   -c /usr/share/cmake-3.10/Modules/CMakeCCompilerABI.c
Linking C static library libcmTC_76e6c.a
/usr/bin/cmake -P CMakeFiles/cmTC_76e6c.dir/cmake_clean_target.cmake
/usr/bin/cmake -E cmake_link_script CMakeFiles/cmTC_76e6c.dir/link.txt --verbose=1
/usr/bin/arm-none-eabi-ar qc libcmTC_76e6c.a  CMakeFiles/cmTC_76e6c.dir/CMakeCCompilerABI.c.obj
/usr/bin/arm-none-eabi-ranlib libcmTC_76e6c.a
make[1]: Leaving directory '/home/laurens/Documents/R2D2/Build-environment/modules/BLUETOOTH/build/CMakeFiles/CMakeTmp'


Parsed C implicit link information from above output:
  link line regex: [^( *|.*[/\])(arm-none-eabi-ld|CMAKE_LINK_STARTFILE-NOTFOUND|([^/\]+-)?ld|collect2)[^/\]*( |$)]
  ignore line: [Change Dir: /home/laurens/Documents/R2D2/Build-environment/modules/BLUETOOTH/build/CMakeFiles/CMakeTmp]
  ignore line: []
  ignore line: [Run Build Command:"/usr/bin/make" "cmTC_76e6c/fast"]
  ignore line: [/usr/bin/make -f CMakeFiles/cmTC_76e6c.dir/build.make CMakeFiles/cmTC_76e6c.dir/build]
  ignore line: [make[1]: Entering directory '/home/laurens/Documents/R2D2/Build-environment/modules/BLUETOOTH/build/CMakeFiles/CMakeTmp']
  ignore line: [Building C object CMakeFiles/cmTC_76e6c.dir/CMakeCCompilerABI.c.obj]
  ignore line: [/usr/bin/arm-none-eabi-gcc    -o CMakeFiles/cmTC_76e6c.dir/CMakeCCompilerABI.c.obj   -c /usr/share/cmake-3.10/Modules/CMakeCCompilerABI.c]
  ignore line: [Linking C static library libcmTC_76e6c.a]
  ignore line: [/usr/bin/cmake -P CMakeFiles/cmTC_76e6c.dir/cmake_clean_target.cmake]
  ignore line: [/usr/bin/cmake -E cmake_link_script CMakeFiles/cmTC_76e6c.dir/link.txt --verbose=1]
  ignore line: [/usr/bin/arm-none-eabi-ar qc libcmTC_76e6c.a  CMakeFiles/cmTC_76e6c.dir/CMakeCCompilerABI.c.obj]
  ignore line: [/usr/bin/arm-none-eabi-ranlib libcmTC_76e6c.a]
  ignore line: [make[1]: Leaving directory '/home/laurens/Documents/R2D2/Build-environment/modules/BLUETOOTH/build/CMakeFiles/CMakeTmp']
  ignore line: []
  implicit libs: []
  implicit dirs: []
  implicit fwks: []




Detecting C [-std=c11] compiler features compiled with the following output:
Change Dir: /home/laurens/Documents/R2D2/Build-environment/modules/BLUETOOTH/build/CMakeFiles/CMakeTmp

Run Build Command:"/usr/bin/make" "cmTC_8d556/fast"
/usr/bin/make -f CMakeFiles/cmTC_8d556.dir/build.make CMakeFiles/cmTC_8d556.dir/build
make[1]: Entering directory '/home/laurens/Documents/R2D2/Build-environment/modules/BLUETOOTH/build/CMakeFiles/CMakeTmp'
Building C object CMakeFiles/cmTC_8d556.dir/feature_tests.c.obj
/usr/bin/arm-none-eabi-gcc   -std=c11 -o CMakeFiles/cmTC_8d556.dir/feature_tests.c.obj   -c /home/laurens/Documents/R2D2/Build-environment/modules/BLUETOOTH/build/CMakeFiles/feature_tests.c
Linking C static library libcmTC_8d556.a
/usr/bin/cmake -P CMakeFiles/cmTC_8d556.dir/cmake_clean_target.cmake
/usr/bin/cmake -E cmake_link_script CMakeFiles/cmTC_8d556.dir/link.txt --verbose=1
/usr/bin/arm-none-eabi-ar qc libcmTC_8d556.a  CMakeFiles/cmTC_8d556.dir/feature_tests.c.obj
/usr/bin/arm-none-eabi-ranlib libcmTC_8d556.a
make[1]: Leaving directory '/home/laurens/Documents/R2D2/Build-environment/modules/BLUETOOTH/build/CMakeFiles/CMakeTmp'


    Feature record: C_FEATURE:1c_function_prototypes
    Feature record: C_FEATURE:1c_restrict
    Feature record: C_FEATURE:1c_static_assert
    Feature record: C_FEATURE:1c_variadic_macros


Detecting C [-std=c99] compiler features compiled with the following output:
Change Dir: /home/laurens/Documents/R2D2/Build-environment/modules/BLUETOOTH/build/CMakeFiles/CMakeTmp

Run Build Command:"/usr/bin/make" "cmTC_c1a85/fast"
/usr/bin/make -f CMakeFiles/cmTC_c1a85.dir/build.make CMakeFiles/cmTC_c1a85.dir/build
make[1]: Entering directory '/home/laurens/Documents/R2D2/Build-environment/modules/BLUETOOTH/build/CMakeFiles/CMakeTmp'
Building C object CMakeFiles/cmTC_c1a85.dir/feature_tests.c.obj
/usr/bin/arm-none-eabi-gcc   -std=c99 -o CMakeFiles/cmTC_c1a85.dir/feature_tests.c.obj   -c /home/laurens/Documents/R2D2/Build-environment/modules/BLUETOOTH/build/CMakeFiles/feature_tests.c
Linking C static library libcmTC_c1a85.a
/usr/bin/cmake -P CMakeFiles/cmTC_c1a85.dir/cmake_clean_target.cmake
/usr/bin/cmake -E cmake_link_script CMakeFiles/cmTC_c1a85.dir/link.txt --verbose=1
/usr/bin/arm-none-eabi-ar qc libcmTC_c1a85.a  CMakeFiles/cmTC_c1a85.dir/feature_tests.c.obj
/usr/bin/arm-none-eabi-ranlib libcmTC_c1a85.a
make[1]: Leaving directory '/home/laurens/Documents/R2D2/Build-environment/modules/BLUETOOTH/build/CMakeFiles/CMakeTmp'


    Feature record: C_FEATURE:1c_function_prototypes
    Feature record: C_FEATURE:1c_restrict
    Feature record: C_FEATURE:0c_static_assert
    Feature record: C_FEATURE:1c_variadic_macros


Detecting C [-std=c90] compiler features compiled with the following output:
Change Dir: /home/laurens/Documents/R2D2/Build-environment/modules/BLUETOOTH/build/CMakeFiles/CMakeTmp

Run Build Command:"/usr/bin/make" "cmTC_684ae/fast"
/usr/bin/make -f CMakeFiles/cmTC_684ae.dir/build.make CMakeFiles/cmTC_684ae.dir/build
make[1]: Entering directory '/home/laurens/Documents/R2D2/Build-environment/modules/BLUETOOTH/build/CMakeFiles/CMakeTmp'
Building C object CMakeFiles/cmTC_684ae.dir/feature_tests.c.obj
/usr/bin/arm-none-eabi-gcc   -std=c90 -o CMakeFiles/cmTC_684ae.dir/feature_tests.c.obj   -c /home/laurens/Documents/R2D2/Build-environment/modules/BLUETOOTH/build/CMakeFiles/feature_tests.c
Linking C static library libcmTC_684ae.a
/usr/bin/cmake -P CMakeFiles/cmTC_684ae.dir/cmake_clean_target.cmake
/usr/bin/cmake -E cmake_link_script CMakeFiles/cmTC_684ae.dir/link.txt --verbose=1
/usr/bin/arm-none-eabi-ar qc libcmTC_684ae.a  CMakeFiles/cmTC_684ae.dir/feature_tests.c.obj
/usr/bin/arm-none-eabi-ranlib libcmTC_684ae.a
make[1]: Leaving directory '/home/laurens/Documents/R2D2/Build-environment/modules/BLUETOOTH/build/CMakeFiles/CMakeTmp'


    Feature record: C_FEATURE:1c_function_prototypes
    Feature record: C_FEATURE:0c_restrict
    Feature record: C_FEATURE:0c_static_assert
    Feature record: C_FEATURE:0c_variadic_macros
